<?xml version="1.0" encoding="UTF-8"?>
<testng-results ignored="0" total="1" passed="0" failed="1" skipped="0">
  <reporter-output>
  </reporter-output>
  <suite started-at="2025-12-25T00:14:34 IST" name="Default suite" finished-at="2025-12-25T00:14:55 IST" duration-ms="20410">
    <groups>
    </groups>
    <test started-at="2025-12-25T00:14:34 IST" name="Default test" finished-at="2025-12-25T00:14:55 IST" duration-ms="20410">
      <class name="tests.EndToEndFlowTest">
        <test-method is-config="true" signature="launchApplication()[pri:0, instance:tests.EndToEndFlowTest@408d971b]" started-at="2025-12-25T00:14:35 IST" name="launchApplication" finished-at="2025-12-25T00:14:39 IST" duration-ms="3967" status="PASS">
          <reporter-output>
          </reporter-output>
        </test-method> <!-- launchApplication -->
        <test-method signature="completeIndentFlow(java.util.HashMap)[pri:0, instance:tests.EndToEndFlowTest@408d971b]" started-at="2025-12-25T00:14:39 IST" name="completeIndentFlow" data-provider="getIndentData" finished-at="2025-12-25T00:14:55 IST" duration-ms="15988" status="FAIL">
          <params>
            <param index="0">
              <value>
                <![CDATA[{vehicleName=Truck12, gateState=TamilNadu, gateUser=cr, gst=15, consigneeRegion=South, managerName=Ramesh, gateName=GateA, consigneeName=ABC Consignee, transporterSearch=XYZ, managerEmail=ramesh@test.com, transporterName=XYZ Transporter, vehicleKg=50, depotRefId=Depot003, driverMobile=9825758567, consigneeMobile=9876543210, vehicleType=Sat12, gateCity=Chennai, truckNumber=8855, depotName=Sample_Depot, truckWidth=20, transporterRef=TR123, managerMobile=9876543211, sourceDepot=DEP123, gateAddress=Kelambakkam, gatePinCode=603103, materialCode=MAT123, consigneeRef=CON123, truckHeight=10, consigneePin=603103, materialName=Steel Rod, consigneeState=TamilNadu, filterValue=jest87, truckPrefix=TN93, vehicleCft=30, gateRefId=GATE123, driverName=Sharma, truckLength=30, indentRate=10, consigneeCity=Chennai}]]>
              </value>
            </param>
          </params>
          <exception class="org.openqa.selenium.TimeoutException">
            <message>
              <![CDATA[Expected condition failed: waiting for element to be clickable: By.xpath: //label[text()='Depot Name']/following::input[contains(@class,'el-input__inner')][1] (tried for 10 second(s) with 500 milliseconds interval)
Build info: version: '4.28.1', revision: '73f5ad48a2'
System info: os.name: 'Windows 11', os.arch: 'amd64', os.version: '10.0', java.version: '21.0.8'
Driver info: org.openqa.selenium.chrome.ChromeDriver
Capabilities {acceptInsecureCerts: false, browserName: chrome, browserVersion: 143.0.7499.170, chrome: {chromedriverVersion: 143.0.7499.169 (164b20aab62..., userDataDir: C:\Users\shank\AppData\Loca...}, fedcm:accounts: true, goog:chromeOptions: {debuggerAddress: localhost:55785}, goog:processID: 7944, networkConnectionEnabled: false, pageLoadStrategy: normal, platformName: windows, proxy: Proxy(), se:cdp: ws://localhost:55785/devtoo..., se:cdpVersion: 143.0.7499.170, setWindowRect: true, strictFileInteractability: false, timeouts: {implicit: 0, pageLoad: 300000, script: 30000}, unhandledPromptBehavior: dismiss and notify, webauthn:extension:credBlob: true, webauthn:extension:largeBlob: true, webauthn:extension:minPinLength: true, webauthn:extension:prf: true, webauthn:virtualAuthenticators: true}
Session ID: 2eaeb3c2547125eacf186913a832d367]]>
            </message>
            <full-stacktrace>
              <![CDATA[org.openqa.selenium.TimeoutException: Expected condition failed: waiting for element to be clickable: By.xpath: //label[text()='Depot Name']/following::input[contains(@class,'el-input__inner')][1] (tried for 10 second(s) with 500 milliseconds interval)
Build info: version: '4.28.1', revision: '73f5ad48a2'
System info: os.name: 'Windows 11', os.arch: 'amd64', os.version: '10.0', java.version: '21.0.8'
Driver info: org.openqa.selenium.chrome.ChromeDriver
Capabilities {acceptInsecureCerts: false, browserName: chrome, browserVersion: 143.0.7499.170, chrome: {chromedriverVersion: 143.0.7499.169 (164b20aab62..., userDataDir: C:\Users\shank\AppData\Loca...}, fedcm:accounts: true, goog:chromeOptions: {debuggerAddress: localhost:55785}, goog:processID: 7944, networkConnectionEnabled: false, pageLoadStrategy: normal, platformName: windows, proxy: Proxy(), se:cdp: ws://localhost:55785/devtoo..., se:cdpVersion: 143.0.7499.170, setWindowRect: true, strictFileInteractability: false, timeouts: {implicit: 0, pageLoad: 300000, script: 30000}, unhandledPromptBehavior: dismiss and notify, webauthn:extension:credBlob: true, webauthn:extension:largeBlob: true, webauthn:extension:minPinLength: true, webauthn:extension:prf: true, webauthn:virtualAuthenticators: true}
Session ID: 2eaeb3c2547125eacf186913a832d367
at org.openqa.selenium.support.ui.WebDriverWait.timeoutException(WebDriverWait.java:84)
at org.openqa.selenium.support.ui.FluentWait.until(FluentWait.java:228)
at pageObjects.DepotPage.createDepot(DepotPage.java:131)
at tests.EndToEndFlowTest.completeIndentFlow(EndToEndFlowTest.java:23)
at java.base/jdk.internal.reflect.DirectMethodHandleAccessor.invoke(DirectMethodHandleAccessor.java:103)
at java.base/java.lang.reflect.Method.invoke(Method.java:580)
at org.testng.internal.invokers.MethodInvocationHelper.invokeMethod(MethodInvocationHelper.java:141)
at org.testng.internal.invokers.TestInvoker.invokeMethod(TestInvoker.java:686)
at org.testng.internal.invokers.TestInvoker.invokeTestMethod(TestInvoker.java:230)
at org.testng.internal.invokers.MethodRunner.runInSequence(MethodRunner.java:63)
at org.testng.internal.invokers.TestInvoker$MethodInvocationAgent.invoke(TestInvoker.java:992)
at org.testng.internal.invokers.TestInvoker.invokeTestMethods(TestInvoker.java:203)
at org.testng.internal.invokers.TestMethodWorker.invokeTestMethods(TestMethodWorker.java:154)
at org.testng.internal.invokers.TestMethodWorker.run(TestMethodWorker.java:134)
at java.base/java.util.ArrayList.forEach(ArrayList.java:1596)
at org.testng.TestRunner.privateRun(TestRunner.java:739)
at org.testng.TestRunner.run(TestRunner.java:614)
at org.testng.SuiteRunner.runTest(SuiteRunner.java:421)
at org.testng.SuiteRunner.runSequentially(SuiteRunner.java:413)
at org.testng.SuiteRunner.privateRun(SuiteRunner.java:373)
at org.testng.SuiteRunner.run(SuiteRunner.java:312)
at org.testng.SuiteRunnerWorker.runSuite(SuiteRunnerWorker.java:52)
at org.testng.SuiteRunnerWorker.run(SuiteRunnerWorker.java:95)
at org.testng.TestNG.runSuitesSequentially(TestNG.java:1274)
at org.testng.TestNG.runSuitesLocally(TestNG.java:1208)
at org.testng.TestNG.runSuites(TestNG.java:1112)
at org.testng.TestNG.run(TestNG.java:1079)
at org.testng.remote.AbstractRemoteTestNG.run(AbstractRemoteTestNG.java:115)
at org.testng.remote.RemoteTestNG.initAndRun(RemoteTestNG.java:293)
at org.testng.remote.RemoteTestNG.main(RemoteTestNG.java:91)
]]>
            </full-stacktrace>
          </exception> <!-- org.openqa.selenium.TimeoutException -->
          <reporter-output>
          </reporter-output>
        </test-method> <!-- completeIndentFlow -->
        <test-method is-config="true" signature="tearDown()[pri:0, instance:tests.EndToEndFlowTest@408d971b]" started-at="2025-12-25T00:14:55 IST" name="tearDown" finished-at="2025-12-25T00:14:55 IST" duration-ms="240" status="PASS">
          <reporter-output>
          </reporter-output>
        </test-method> <!-- tearDown -->
      </class> <!-- tests.EndToEndFlowTest -->
    </test> <!-- Default test -->
  </suite> <!-- Default suite -->
</testng-results>
