<?xml version="1.0" encoding="UTF-8"?>
<testng-results ignored="0" total="2" passed="2" failed="0" skipped="0">
  <reporter-output>
  </reporter-output>
  <suite started-at="2026-01-01T21:31:35 IST" name="Pando Automation Suite" finished-at="2026-01-01T21:32:49 IST" duration-ms="74267">
    <groups>
    </groups>
    <test started-at="2026-01-01T21:31:35 IST" name="End To End Flow Test" finished-at="2026-01-01T21:32:49 IST" duration-ms="74267">
      <class name="tests.EndToEndFlowTest">
        <test-method is-config="true" signature="launchApplication()[pri:0, instance:tests.EndToEndFlowTest@4f49f6af]" started-at="2026-01-01T21:31:35 IST" name="launchApplication" finished-at="2026-01-01T21:31:39 IST" duration-ms="4121" status="PASS">
          <reporter-output>
          </reporter-output>
        </test-method> <!-- launchApplication -->
        <test-method signature="completeIndentFlow(java.util.HashMap)[pri:2, instance:tests.EndToEndFlowTest@4f49f6af]" started-at="2026-01-01T21:31:39 IST" name="completeIndentFlow" data-provider="getIndentData" finished-at="2026-01-01T21:32:37 IST" duration-ms="57851" status="PASS">
          <params>
            <param index="0">
              <value>
                <![CDATA[{vehicleName=TruckN46, gateState=TamilNadu, gateUser=Selva, gst=15, consigneeRegion=South, managerName=ManagerN46, gateName=GateN46, consigneeName=ConsigneeN46, transporterSearch=Bh, managerEmail=manager46@test.com, transporterName=TransporterN46, vehicleKg=50, depotRefId=DN46, driverMobile=9825758567, consigneeMobile=9876543210, gateCity=Chennai, truckNumber=5521, depotName=DepotN46, truckWidth=20, transporterRef=TNN46, managerMobile=9876533211, sourceDepot=DEP123, gateAddress=Kelambakkam, gatePinCode=603103, materialCode=MAT46, consigneeRef=CN46, truckHeight=10, consigneePin=603103, materialName=SteelRod, consigneeState=TamilNadu, filterValue=jest87, truckPrefix=TN93, vehicleCft=30, gateRefId=GN46, driverName=Sharma, truckLength=30, indentRate=10, consigneeCity=Chennai}]]>
              </value>
            </param>
          </params>
          <reporter-output>
          </reporter-output>
        </test-method> <!-- completeIndentFlow -->
        <test-method is-config="true" signature="tearDown()[pri:0, instance:tests.EndToEndFlowTest@4f49f6af]" started-at="2026-01-01T21:32:37 IST" name="tearDown" finished-at="2026-01-01T21:32:37 IST" duration-ms="256" status="PASS">
          <reporter-output>
          </reporter-output>
        </test-method> <!-- tearDown -->
        <test-method is-config="true" signature="launchApplication()[pri:0, instance:tests.EndToEndFlowTest@4f49f6af]" started-at="2026-01-01T21:32:37 IST" name="launchApplication" finished-at="2026-01-01T21:32:41 IST" duration-ms="3580" status="PASS">
          <reporter-output>
          </reporter-output>
        </test-method> <!-- launchApplication -->
        <test-method signature="endToEndTruckInFlow()[pri:1, instance:tests.EndToEndFlowTest@4f49f6af]" started-at="2026-01-01T21:32:41 IST" name="endToEndTruckInFlow" finished-at="2026-01-01T21:32:49 IST" depends-on-methods="tests.EndToEndFlowTest.completeIndentFlow" duration-ms="7918" status="PASS">
          <reporter-output>
          </reporter-output>
        </test-method> <!-- endToEndTruckInFlow -->
        <test-method is-config="true" signature="tearDown()[pri:0, instance:tests.EndToEndFlowTest@4f49f6af]" started-at="2026-01-01T21:32:49 IST" name="tearDown" finished-at="2026-01-01T21:32:49 IST" duration-ms="321" status="PASS">
          <reporter-output>
          </reporter-output>
        </test-method> <!-- tearDown -->
      </class> <!-- tests.EndToEndFlowTest -->
    </test> <!-- End To End Flow Test -->
  </suite> <!-- Pando Automation Suite -->
</testng-results>
